<?xml version="1.0" encoding="UTF-8"?>
<!-- Generated by org.testng.reporters.JUnitReportReporter -->
<testsuite skipped="0" hostname="DESKTOP-JGL2LC1" name="testngAnnotation.Annotation2" tests="2" failures="0" timestamp="2020-05-09T23:38:54 IST" time="0.039" errors="0">
  <testcase name="test2" time="0.004" classname="testngAnnotation.Annotation2"/>
  <testcase name="test1" time="0.035" classname="testngAnnotation.Annotation2"/>
</testsuite> <!-- testngAnnotation.Annotation2 -->
