<?xml version="1.0" encoding="UTF-8"?>
<!-- Generated by org.testng.reporters.JUnitReportReporter -->
<testsuite skipped="0" hostname="DESKTOP-JGL2LC1" name="testng.TestngDemo" tests="2" failures="0" timestamp="2020-05-09T11:44:19 IST" time="0.016" errors="0">
  <testcase name="logout" time="0.004" classname="testng.TestngDemo"/>
  <testcase name="login" time="0.012" classname="testng.TestngDemo"/>
</testsuite> <!-- testng.TestngDemo -->
