<?xml version="1.0" encoding="UTF-8"?>
<!-- Generated by org.testng.reporters.JUnitReportReporter -->
<testsuite skipped="0" hostname="DESKTOP-JGL2LC1" name="testngAnnotation.InvocationCount" tests="13" failures="0" timestamp="2020-05-10T00:00:35 IST" time="0.056" errors="0">
  <testcase name="loginTest" time="0.000" classname="testngAnnotation.InvocationCount"/>
  <testcase name="loginTest" time="0.000" classname="testngAnnotation.InvocationCount"/>
  <testcase name="loginTest" time="0.004" classname="testngAnnotation.InvocationCount"/>
  <testcase name="loginTest" time="0.004" classname="testngAnnotation.InvocationCount"/>
  <testcase name="loginTest" time="0.000" classname="testngAnnotation.InvocationCount"/>
  <testcase name="regPage" time="0.004" classname="testngAnnotation.InvocationCount"/>
  <testcase name="loginTest" time="0.000" classname="testngAnnotation.InvocationCount"/>
  <testcase name="loginTest" time="0.024" classname="testngAnnotation.InvocationCount"/>
  <testcase name="loginTest" time="0.000" classname="testngAnnotation.InvocationCount"/>
  <testcase name="loginTest" time="0.004" classname="testngAnnotation.InvocationCount"/>
  <testcase name="search" time="0.008" classname="testngAnnotation.InvocationCount"/>
  <testcase name="loginTest" time="0.004" classname="testngAnnotation.InvocationCount"/>
  <testcase name="signUp" time="0.004" classname="testngAnnotation.InvocationCount"/>
</testsuite> <!-- testngAnnotation.InvocationCount -->
