<?xml version="1.0" encoding="UTF-8"?>
<!-- Generated by org.testng.reporters.JUnitReportReporter -->
<testsuite skipped="0" hostname="DESKTOP-JGL2LC1" name="testngAnnotation.TestAnnotations" tests="3" failures="0" timestamp="2019-09-23T13:44:50 IST" time="0.046" errors="0">
  <testcase name="test2" time="0.022" classname="testngAnnotation.TestAnnotations"/>
  <testcase name="test" time="0.013" classname="testngAnnotation.TestAnnotations"/>
  <testcase name="test3" time="0.011" classname="testngAnnotation.TestAnnotations"/>
</testsuite> <!-- testngAnnotation.TestAnnotations -->
