<?xml version="1.0" encoding="UTF-8"?>
<!-- Generated by org.testng.reporters.JUnitReportReporter -->
<testsuite skipped="1" hostname="DESKTOP-JGL2LC1" name="testng.DisableTstng" tests="3" failures="0" timestamp="2020-05-09T11:38:23 IST" time="0.024" errors="0">
  <testcase name="test1" time="0.024" classname="testng.DisableTstng"/>
  <testcase name="test2" time="0.000" classname="testng.DisableTstng"/>
  <testcase name="test3" classname="testng.DisableTstng">
    <skipped/>
  </testcase> <!-- test3 -->
</testsuite> <!-- testng.DisableTstng -->
