<?xml version="1.0" encoding="UTF-8"?>
<!-- Generated by org.testng.reporters.JUnitReportReporter -->
<testsuite skipped="0" hostname="DESKTOP-JGL2LC1" name="testng.Example" tests="1" failures="0" timestamp="2020-04-08T22:55:09 IST" time="0.016" errors="0">
  <testcase name="Test" time="0.016" classname="testng.Example"/>
</testsuite> <!-- testng.Example -->
