<?xml version="1.0" encoding="UTF-8"?>
<!-- Generated by org.testng.reporters.JUnitReportReporter -->
<testsuite skipped="0" hostname="DESKTOP-JGL2LC1" name="testng.ParametersTstng" tests="1" failures="0" timestamp="2019-09-24T10:58:10 IST" time="0.020" errors="0">
  <testcase name="parameterTest" time="0.020" classname="testng.ParametersTstng"/>
</testsuite> <!-- testng.ParametersTstng -->
