<?xml version="1.0" encoding="UTF-8"?>
<!-- Generated by org.testng.reporters.JUnitReportReporter -->
<testsuite skipped="2" hostname="DESKTOP-JGL2LC1" name="testng.Demo" tests="6" failures="0" timestamp="2020-05-09T11:33:09 IST" time="0.036" errors="0">
  <testcase name="test5" time="0.000" classname="testng.Demo"/>
  <testcase name="test3" time="0.008" classname="testng.Demo"/>
  <testcase name="test1" time="0.024" classname="testng.Demo"/>
  <testcase name="test2" time="0.004" classname="testng.Demo"/>
  <testcase name="test6" classname="testng.Demo">
    <skipped/>
  </testcase> <!-- test6 -->
  <testcase name="test4" classname="testng.Demo">
    <skipped/>
  </testcase> <!-- test4 -->
</testsuite> <!-- testng.Demo -->
