<?xml version="1.0" encoding="UTF-8"?>
<!-- Generated by org.testng.reporters.JUnitReportReporter -->
<testsuite skipped="0" hostname="DESKTOP-JGL2LC1" name="testng.PriotizetstngTest" tests="3" failures="0" timestamp="2020-05-09T11:43:32 IST" time="0.024" errors="0">
  <testcase name="loginTest" time="0.020" classname="testng.PriotizetstngTest"/>
  <testcase name="sendanEmail" time="0.004" classname="testng.PriotizetstngTest"/>
  <testcase name="logout" time="0.000" classname="testng.PriotizetstngTest"/>
</testsuite> <!-- testng.PriotizetstngTest -->
