<?xml version="1.0" encoding="UTF-8"?>
<!-- Generated by org.testng.reporters.JUnitReportReporter -->
<testsuite skipped="0" hostname="DESKTOP-JGL2LC1" name="testngAnnotation.DatadrivenTestng" tests="2" failures="0" timestamp="2020-01-12T20:53:47 IST" time="0.028" errors="0">
  <testcase name="testData" time="0.024" classname="testngAnnotation.DatadrivenTestng"/>
  <testcase name="testData" time="0.004" classname="testngAnnotation.DatadrivenTestng"/>
</testsuite> <!-- testngAnnotation.DatadrivenTestng -->
