<?xml version="1.0" encoding="UTF-8"?>
<!-- Generated by org.testng.reporters.JUnitReportReporter -->
<testsuite skipped="0" hostname="DESKTOP-JGL2LC1" name="testng.PriotizetstngTest" tests="3" failures="0" timestamp="2019-09-23T16:37:06 IST" time="0.031" errors="0">
  <testcase name="loginTest" time="0.023" classname="testng.PriotizetstngTest"/>
  <testcase name="sendanEmail" time="0.005" classname="testng.PriotizetstngTest"/>
  <testcase name="logout" time="0.003" classname="testng.PriotizetstngTest"/>
</testsuite> <!-- testng.PriotizetstngTest -->
