<?xml version="1.0" encoding="UTF-8"?>
<!-- Generated by org.testng.reporters.JUnitReportReporter -->
<testsuite skipped="0" hostname="DESKTOP-JGL2LC1" name="testng.PriotizeTest2" tests="5" failures="0" timestamp="2019-09-23T16:48:35 IST" time="0.036" errors="0">
  <testcase name="createAnaccount" time="0.021" classname="testng.PriotizeTest2"/>
  <testcase name="deleteAnaccount" time="0.002" classname="testng.PriotizeTest2"/>
  <testcase name="login" time="0.004" classname="testng.PriotizeTest2"/>
  <testcase name="sendanEmail" time="0.007" classname="testng.PriotizeTest2"/>
  <testcase name="logout" time="0.002" classname="testng.PriotizeTest2"/>
</testsuite> <!-- testng.PriotizeTest2 -->
