<?xml version="1.0" encoding="UTF-8"?>
<!-- Generated by org.testng.reporters.JUnitReportReporter -->
<testsuite skipped="0" hostname="DESKTOP-JGL2LC1" name="testng.Parallel" tests="2" failures="0" timestamp="2020-04-08T23:04:57 IST" time="31.449" errors="0">
  <testcase name="test2" time="18.151" classname="testng.Parallel"/>
  <testcase name="test1" time="13.298" classname="testng.Parallel"/>
</testsuite> <!-- testng.Parallel -->
